#
# A fatal error has been detected by the Java Runtime Environment:
#
#  EXCEPTION_ACCESS_VIOLATION (0xc0000005) at pc=0x000000006ab79eb0, pid=18896, tid=19988
#
# JRE version: Java(TM) SE Runtime Environment (8.0_60-b27) (build 1.8.0_60-b27)
# Java VM: Java HotSpot(TM) 64-Bit Server VM (25.60-b23 mixed mode windows-amd64 compressed oops)
# Problematic frame:
# V  [jvm.dll+0x1a9eb0]
#
# Failed to write core dump. Minidumps are not enabled by default on client versions of Windows
#
# If you would like to submit a bug report, please visit:
#   http://bugreport.java.com/bugreport/crash.jsp
#

---------------  T H R E A D  ---------------

Current thread (0x00000000175a4800):  JavaThread "JDWP Transport Listener: dt_socket" daemon [_thread_in_vm, id=19988, stack(0x0000000018f30000,0x0000000019030000)]

siginfo: ExceptionCode=0xc0000005, writing address 0x00000000d1625840

Registers:
RAX=0x00000000196184d0, RBX=0x0000000017003ed0, RCX=0x00000000175a4f50, RDX=0x0000000000000001
RSP=0x000000001902f3e0, RBP=0x000000001902f528, RSI=0x0000000100060210, RDI=0x000000000000011a
R8 =0x00000000175ad6d0, R9 =0x0000000000000001, R10=0x0000000000000000, R11=0x00000000196184d0
R12=0x00000000196061c0, R13=0x000000001902f4e0, R14=0x000000001902f528, R15=0x000000000000011b
RIP=0x000000006ab79eb0, EFLAGS=0x0000000000010202

Top of Stack: (sp=0x000000001902f3e0)
0x000000001902f3e0:   0000000017003ed0 000000001902f528
0x000000001902f3f0:   0000000100060210 000000006a720c18
0x000000001902f400:   00000000175a4800 00000000175acd70
0x000000001902f410:   00000000175a4e60 00000000175a4e70
0x000000001902f420:   00000000175a4f48 00000000000000d8
0x000000001902f430:   000000001902f800 000000006ac49214
0x000000001902f440:   0000000000000000 0000000000000000
0x000000001902f450:   00000000175af278 00000000d5f9b830
0x000000001902f460:   00000000175a4800 000000006ad11ef3
0x000000001902f470:   000000001902f528 000000001902f4e0
0x000000001902f480:   0000000001038850 000000006a716c0e
0x000000001902f490:   00000000175a4800 0000000000000000
0x000000001902f4a0:   0000000000000000 0000000000000000
0x000000001902f4b0:   0000000000000000 000000006a70551f
0x000000001902f4c0:   000000001902f570 0000000000000001
0x000000001902f4d0:   00000000175a7440 000000001902f5a0 

Instructions: (pc=0x000000006ab79eb0)
0x000000006ab79e90:   48 8b 8e 80 01 00 00 48 8b 86 a0 01 00 00 48 8b
0x000000006ab79ea0:   4c f9 08 48 63 5c b8 04 e8 03 1d ef ff 48 ff c7
0x000000006ab79eb0:   49 89 04 dc 49 3b ff 7c d7 eb 23 45 85 ff 7e 1e
0x000000006ab79ec0:   48 8b 86 80 01 00 00 48 8b 4c f8 08 e8 df 1c ef 


Register to memory mapping:

RAX=0x00000000196184d0 is an unknown value
RBX=0x0000000017003ed0 is pointing into metadata
RCX=0x00000000175a4f50 is an unknown value
RDX=0x0000000000000001 is an unknown value
RSP=0x000000001902f3e0 is pointing into the stack for thread: 0x00000000175a4800
RBP=0x000000001902f528 is pointing into the stack for thread: 0x00000000175a4800
RSI=0x0000000100060210 is pointing into metadata
RDI=0x000000000000011a is an unknown value
R8 =0x00000000175ad6d0 is an unknown value
R9 =0x0000000000000001 is an unknown value
R10=0x0000000000000000 is an unknown value
R11=0x00000000196184d0 is an unknown value
R12=0x00000000196061c0 is an unknown value
R13=0x000000001902f4e0 is pointing into the stack for thread: 0x00000000175a4800
R14=0x000000001902f528 is pointing into the stack for thread: 0x00000000175a4800
R15=0x000000000000011b is an unknown value


Stack: [0x0000000018f30000,0x0000000019030000],  sp=0x000000001902f3e0,  free space=1020k
Native frames: (J=compiled Java code, j=interpreted, Vv=VM code, C=native code)
V  [jvm.dll+0x1a9eb0]
V  [jvm.dll+0x341ef3]
C  [jdwp.dll+0x551f]
C  [jdwp.dll+0xf0a8]
C  [jdwp.dll+0x1f2d5]
C  [jdwp.dll+0x1f4aa]
V  [jvm.dll+0x1bb8e8]
V  [jvm.dll+0x243134]
V  [jvm.dll+0x299f6a]
C  [msvcr100.dll+0x21d9f]
C  [msvcr100.dll+0x21e3b]
C  [KERNEL32.DLL+0x12d92]
C  [ntdll.dll+0x9f64]


---------------  P R O C E S S  ---------------

Java Threads: ( => current thread )
  0x00000000175fe000 JavaThread "Service Thread" daemon [_thread_blocked, id=30996, stack(0x0000000019930000,0x0000000019a30000)]
  0x00000000175cb000 JavaThread "C1 CompilerThread2" daemon [_thread_blocked, id=19564, stack(0x0000000019430000,0x0000000019530000)]
  0x00000000175c8000 JavaThread "C2 CompilerThread1" daemon [_thread_blocked, id=20604, stack(0x0000000019330000,0x0000000019430000)]
  0x00000000175c3000 JavaThread "C2 CompilerThread0" daemon [_thread_blocked, id=30200, stack(0x0000000019230000,0x0000000019330000)]
  0x00000000175b5000 JavaThread "JDWP Command Reader" daemon [_thread_in_native, id=14852, stack(0x0000000019130000,0x0000000019230000)]
  0x00000000175b3800 JavaThread "JDWP Event Helper Thread" daemon [_thread_blocked, id=9808, stack(0x0000000019030000,0x0000000019130000)]
=>0x00000000175a4800 JavaThread "JDWP Transport Listener: dt_socket" daemon [_thread_in_vm, id=19988, stack(0x0000000018f30000,0x0000000019030000)]
  0x000000001759c000 JavaThread "Attach Listener" daemon [_thread_blocked, id=3300, stack(0x0000000018af0000,0x0000000018bf0000)]
  0x000000001759b000 JavaThread "Signal Dispatcher" daemon [_thread_blocked, id=28176, stack(0x00000000189f0000,0x0000000018af0000)]
  0x0000000002a66800 JavaThread "Finalizer" daemon [_thread_blocked, id=33040, stack(0x0000000018800000,0x0000000018900000)]
  0x0000000017569800 JavaThread "Reference Handler" daemon [_thread_blocked, id=30616, stack(0x0000000018700000,0x0000000018800000)]
  0x000000000103e000 JavaThread "main" [_thread_blocked, id=30172, stack(0x0000000002830000,0x0000000002930000)]

Other Threads:
  0x0000000017567800 VMThread [stack: 0x0000000018600000,0x0000000018700000] [id=32680]
  0x000000001957d000 WatcherThread [stack: 0x0000000019a30000,0x0000000019b30000] [id=38424]

VM state:not at safepoint (normal execution)

VM Mutex/Monitor currently owned by a thread: None

Heap:
 PSYoungGen      total 38400K, used 3329K [0x00000000d5f00000, 0x00000000d8980000, 0x0000000100000000)
  eden space 33280K, 10% used [0x00000000d5f00000,0x00000000d6240568,0x00000000d7f80000)
  from space 5120K, 0% used [0x00000000d8480000,0x00000000d8480000,0x00000000d8980000)
  to   space 5120K, 0% used [0x00000000d7f80000,0x00000000d7f80000,0x00000000d8480000)
 ParOldGen       total 87552K, used 0K [0x0000000081c00000, 0x0000000087180000, 0x00000000d5f00000)
  object space 87552K, 0% used [0x0000000081c00000,0x0000000081c00000,0x0000000087180000)
 Metaspace       used 3360K, capacity 5228K, committed 5376K, reserved 1056768K
  class space    used 309K, capacity 424K, committed 512K, reserved 1048576K

Card table byte_map: [0x0000000011e30000,0x0000000012230000] byte_map_base: 0x0000000011a22000

Marking Bits: (ParMarkBitMap*) 0x000000006b1da5b0
 Begin Bits: [0x00000000128e0000, 0x0000000014870000)
 End Bits:   [0x0000000014870000, 0x0000000016800000)

Polling page: 0x00000000010d0000

CodeCache: size=245760Kb used=1137Kb max_used=1137Kb free=244622Kb
 bounds [0x0000000002a70000, 0x0000000002ce0000, 0x0000000011a70000]
 total_blobs=274 nmethods=49 adapters=147
 compilation: enabled

Compilation events (10 events):
Event: 20.611 Thread 0x00000000175cb000   45       1       java.nio.Buffer::limit (5 bytes)
Event: 20.611 Thread 0x00000000175cb000 nmethod 45 0x0000000002b8b310 code [0x0000000002b8b460, 0x0000000002b8b570]
Event: 20.612 Thread 0x00000000175cb000   46       3       java.util.Arrays::copyOf (19 bytes)
Event: 20.613 Thread 0x00000000175cb000 nmethod 46 0x0000000002b8b5d0 code [0x0000000002b8b740, 0x0000000002b8ba88]
Event: 20.613 Thread 0x00000000175cb000   47       3       SimpleCharStream::backup (31 bytes)
Event: 20.613 Thread 0x00000000175cb000 nmethod 47 0x0000000002b8bbd0 code [0x0000000002b8bd20, 0x0000000002b8bed0]
Event: 75.758 Thread 0x00000000175cb000   48       3       SimpleCharStream::BeginToken (16 bytes)
Event: 75.758 Thread 0x00000000175cb000 nmethod 48 0x0000000002b8bf50 code [0x0000000002b8c0c0, 0x0000000002b8c248]
Event: 75.759 Thread 0x00000000175cb000   49       3       java.util.HashMap::hash (20 bytes)
Event: 75.759 Thread 0x00000000175cb000 nmethod 49 0x0000000002b8c2d0 code [0x0000000002b8c440, 0x0000000002b8c6a8]

GC Heap History (0 events):
No events

Deoptimization events (0 events):
No events

Internal exceptions (2 events):
Event: 0.038 Thread 0x000000000103e000 Exception <a 'java/lang/NoSuchMethodError': Method sun.misc.Unsafe.defineClass(Ljava/lang/String;[BII)Ljava/lang/Class; name or signature does not match> (0x00000000d5f0d758) thrown at [C:\re\workspace\8-2-build-windows-amd64-cygwin\jdk8u60\4407\hotspot\sr•31î¯¦£?
Event: 0.038 Thread 0x000000000103e000 Exception <a 'java/lang/NoSuchMethodError': Method sun.misc.Unsafe.prefetchRead(Ljava/lang/Object;J)V name or signature does not match> (0x00000000d5f0da40) thrown at [C:\re\workspace\8-2-build-windows-amd64-cygwin\jdk8u60\4407\hotspot\src\share\vm\prims\j

Events (10 events):
Event: 426.444 Executing VM operation: ChangeBreakpoints
Event: 426.444 Executing VM operation: ChangeBreakpoints done
Event: 426.448 Executing VM operation: ChangeBreakpoints
Event: 426.448 Executing VM operation: ChangeBreakpoints done
Event: 426.452 Executing VM operation: ChangeBreakpoints
Event: 426.452 Executing VM operation: ChangeBreakpoints done
Event: 426.472 Executing VM operation: ChangeBreakpoints
Event: 426.472 Executing VM operation: ChangeBreakpoints done
Event: 442.735 Executing VM operation: RedefineClasses
Event: 442.737 Executing VM operation: RedefineClasses done


Dynamic libraries:
0x00007ff6e7500000 - 0x00007ff6e7537000 	C:\Program Files\Java\jre1.8.0_60\bin\javaw.exe
0x00007ffa61780000 - 0x00007ffa61941000 	C:\WINDOWS\SYSTEM32\ntdll.dll
0x00007ffa61590000 - 0x00007ffa6163d000 	C:\WINDOWS\system32\KERNEL32.DLL
0x00007ffa5ec70000 - 0x00007ffa5ee4d000 	C:\WINDOWS\system32\KERNELBASE.dll
0x00007ffa5ffb0000 - 0x00007ffa60056000 	C:\WINDOWS\system32\ADVAPI32.dll
0x00007ffa5fa40000 - 0x00007ffa5fadd000 	C:\WINDOWS\system32\msvcrt.dll
0x00007ffa61660000 - 0x00007ffa616bb000 	C:\WINDOWS\system32\sechost.dll
0x00007ffa5faf0000 - 0x00007ffa5fc16000 	C:\WINDOWS\system32\RPCRT4.dll
0x00007ffa5f110000 - 0x00007ffa5f25e000 	C:\WINDOWS\system32\USER32.dll
0x00007ffa5f700000 - 0x00007ffa5f886000 	C:\WINDOWS\system32\GDI32.dll
0x00007ffa54000000 - 0x00007ffa54274000 	C:\WINDOWS\WinSxS\amd64_microsoft.windows.common-controls_6595b64144ccf1df_6.0.10240.16384_none_f41f7b285750ef43\COMCTL32.dll
0x00007ffa5ee50000 - 0x00007ffa5ee86000 	C:\WINDOWS\system32\IMM32.DLL
0x00007ffa5f3a0000 - 0x00007ffa5f4fc000 	C:\WINDOWS\system32\MSCTF.dll
0x000000006a740000 - 0x000000006a812000 	C:\Program Files\Java\jre1.8.0_60\bin\msvcr100.dll
0x000000006a9d0000 - 0x000000006b259000 	C:\Program Files\Java\jre1.8.0_60\bin\server\jvm.dll
0x00007ffa5fae0000 - 0x00007ffa5fae8000 	C:\WINDOWS\system32\PSAPI.DLL
0x00007ffa5c820000 - 0x00007ffa5c843000 	C:\WINDOWS\SYSTEM32\WINMM.dll
0x00007ffa54710000 - 0x00007ffa5471a000 	C:\WINDOWS\SYSTEM32\VERSION.dll
0x00007ffa5a440000 - 0x00007ffa5a449000 	C:\WINDOWS\SYSTEM32\WSOCK32.dll
0x00007ffa5fdf0000 - 0x00007ffa5fe59000 	C:\WINDOWS\system32\WS2_32.dll
0x00007ffa5f270000 - 0x00007ffa5f278000 	C:\WINDOWS\system32\NSI.dll
0x0000000001080000 - 0x00000000010ac000 	C:\WINDOWS\SYSTEM32\WINMMBASE.dll
0x00007ffa5e5f0000 - 0x00007ffa5e634000 	C:\WINDOWS\system32\cfgmgr32.dll
0x00007ffa5cb20000 - 0x00007ffa5cb47000 	C:\WINDOWS\SYSTEM32\DEVOBJ.dll
0x000000006a8e0000 - 0x000000006a8ef000 	C:\Program Files\Java\jre1.8.0_60\bin\verify.dll
0x000000006a8b0000 - 0x000000006a8d9000 	C:\Program Files\Java\jre1.8.0_60\bin\java.dll
0x000000006a700000 - 0x000000006a735000 	C:\Program Files\Java\jre1.8.0_60\bin\jdwp.dll
0x000000006a6f0000 - 0x000000006a6f8000 	C:\Program Files\Java\jre1.8.0_60\bin\npt.dll
0x000000006a890000 - 0x000000006a8a6000 	C:\Program Files\Java\jre1.8.0_60\bin\zip.dll
0x00007ffa60060000 - 0x00007ffa61582000 	C:\WINDOWS\system32\SHELL32.dll
0x00007ffa5e640000 - 0x00007ffa5ec68000 	C:\WINDOWS\system32\windows.storage.dll
0x00007ffa5ee90000 - 0x00007ffa5f10c000 	C:\WINDOWS\system32\combase.dll
0x00007ffa61720000 - 0x00007ffa61771000 	C:\WINDOWS\system32\shlwapi.dll
0x00007ffa5e240000 - 0x00007ffa5e24f000 	C:\WINDOWS\system32\kernel.appcore.dll
0x00007ffa5e250000 - 0x00007ffa5e303000 	C:\WINDOWS\system32\shcore.dll
0x00007ffa5e1b0000 - 0x00007ffa5e1fa000 	C:\WINDOWS\system32\powrprof.dll
0x00007ffa5e220000 - 0x00007ffa5e233000 	C:\WINDOWS\system32\profapi.dll
0x000000006a6e0000 - 0x000000006a6e9000 	C:\Program Files\Java\jre1.8.0_60\bin\dt_socket.dll
0x00007ffa4bda0000 - 0x00007ffa4bdb5000 	C:\WINDOWS\system32\napinsp.dll
0x00007ffa4bd80000 - 0x00007ffa4bd9a000 	C:\WINDOWS\system32\pnrpnsp.dll
0x00007ffa5bd70000 - 0x00007ffa5bd88000 	C:\WINDOWS\system32\NLAapi.dll
0x00007ffa5db40000 - 0x00007ffa5db9d000 	C:\WINDOWS\System32\mswsock.dll
0x00007ffa5d760000 - 0x00007ffa5d808000 	C:\WINDOWS\SYSTEM32\DNSAPI.dll
0x00007ffa4bd20000 - 0x00007ffa4bd2d000 	C:\WINDOWS\System32\winrnr.dll
0x00007ffa4bd00000 - 0x00007ffa4bd15000 	C:\WINDOWS\system32\wshbth.dll
0x00007ffa58590000 - 0x00007ffa585f8000 	C:\WINDOWS\System32\fwpuclnt.dll
0x00007ffa5e0e0000 - 0x00007ffa5e108000 	C:\WINDOWS\SYSTEM32\bcrypt.dll
0x00007ffa52d10000 - 0x00007ffa52d1a000 	C:\Windows\System32\rasadhlp.dll
0x00007ffa57050000 - 0x00007ffa571da000 	C:\WINDOWS\SYSTEM32\dbghelp.dll

VM Arguments:
jvm_args: -agentlib:jdwp=transport=dt_socket,suspend=y,address=localhost:51301 -Dfile.encoding=Cp1252 
java_command: MyNewGrammar D:\JavaInput D:\image.png
java_class_path (initial): C:\Users\hanumant\workspace\umlparser\bin;C:\Eclipse\eclipse\plugins\sf.eclipse.javacc_1.5.30\jars\javacc-5.0.jar;C:\Users\hanumant\Downloads\plantuml.jar
Launcher Type: SUN_STANDARD

Environment Variables:
PATH=C:/Program Files/Java/jre1.8.0_60/bin/server;C:/Program Files/Java/jre1.8.0_60/bin;C:/Program Files/Java/jre1.8.0_60/lib/amd64;C:\ProgramData\Oracle\Java\javapath;C:\Program Files (x86)\Lenovo\FusionEngine;C:\Program Files (x86)\Intel\iCLS Client\;C:\Program Files\Intel\iCLS Client\;C:\WINDOWS\system32;C:\WINDOWS;C:\WINDOWS\System32\Wbem;C:\WINDOWS\System32\WindowsPowerShell\v1.0\;C:\Program Files\Intel\Intel(R) Management Engine Components\DAL;C:\Program Files (x86)\Intel\Intel(R) Management Engine Components\DAL;C:\Program Files\Intel\Intel(R) Management Engine Components\IPT;C:\Program Files (x86)\Intel\Intel(R) Management Engine Components\IPT;C:\Program Files\Lenovo\Bluetooth Software\;C:\Program Files\Lenovo\Bluetooth Software\syswow64;C:\Program Files (x86)\Lenovo\Motion Control\;C:\Program Files (x86)\Common Files\lenovo\easyplussdk\bin;C:\Program Files (x86)\Skype\Phone\;C:\Go\bin;C:\Program Files\cURL\bin;C:\Eclipse\eclipse;
USERNAME=hanumant
OS=Windows_NT
PROCESSOR_IDENTIFIER=Intel64 Family 6 Model 61 Stepping 4, GenuineIntel



---------------  S Y S T E M  ---------------

OS: Windows 10.0 , 64 bit Build 10240 (10.0.10240.16384)

CPU:total 4 (2 cores per cpu, 2 threads per core) family 6 model 61 stepping 4, cmov, cx8, fxsr, mmx, sse, sse2, sse3, ssse3, sse4.1, sse4.2, popcnt, avx, avx2, aes, clmul, erms, 3dnowpref, lzcnt, ht, tsc, tscinvbit, bmi1, bmi2, adx

Memory: 4k page, physical 8266860k(3216976k free), swap 15606892k(7665752k free)

vm_info: Java HotSpot(TM) 64-Bit Server VM (25.60-b23) for windows-amd64 JRE (1.8.0_60-b27), built on Aug  4 2015 11:06:27 by "java_re" with MS VC++ 10.0 (VS2010)

time: Tue Oct 13 01:00:55 2015
elapsed time: 442 seconds (0d 0h 7m 22s)

